  main.c
C:\Users\ramia\Desktop\Pilot1\HW2\vld.lib(1,1): error C2059: syntax error: '!'
C:\Users\ramia\Desktop\Pilot1\HW2\vld.lib(2,59): error C2018: unknown character '0x60'
C:\Users\ramia\Desktop\Pilot1\HW2\vld.lib(3,4): error C2059: syntax error: 'bad suffix on number'
C:\Users\ramia\Desktop\Pilot1\HW2\vld.lib(3,8): error C2018: unknown character '0x1c'
C:\Users\ramia\Desktop\Pilot1\HW2\vld.lib(3,15): error C2018: unknown character '0xe'
C:\Users\ramia\Desktop\Pilot1\HW2\vld.lib(3,19): error C2018: unknown character '0xf'
C:\Users\ramia\Desktop\Pilot1\HW2\vld.lib(3,24): error C2018: unknown character '0x19'
C:\Users\ramia\Desktop\Pilot1\HW2\vld.lib(3,29): error C2018: unknown character '0x19'
C:\Users\ramia\Desktop\Pilot1\HW2\vld.lib(3,34): error C2018: unknown character '0x17'
C:\Users\ramia\Desktop\Pilot1\HW2\vld.lib(3,38): error C2018: unknown character '0x17'
C:\Users\ramia\Desktop\Pilot1\HW2\vld.lib(3,42): error C2018: unknown character '0x19'
C:\Users\ramia\Desktop\Pilot1\HW2\vld.lib(3,46): error C2018: unknown character '0x19'
C:\Users\ramia\Desktop\Pilot1\HW2\vld.lib(3,50): error C2018: unknown character '0x12'
C:\Users\ramia\Desktop\Pilot1\HW2\vld.lib(3,54): error C2018: unknown character '0x12'
C:\Users\ramia\Desktop\Pilot1\HW2\vld.lib(3,58): error C2018: unknown character '0x18'
C:\Users\ramia\Desktop\Pilot1\HW2\vld.lib(3,59): error C2018: unknown character '0x1c'
C:\Users\ramia\Desktop\Pilot1\HW2\vld.lib(3,62): error C2018: unknown character '0x18'
C:\Users\ramia\Desktop\Pilot1\HW2\vld.lib(3,63): error C2018: unknown character '0x1c'
C:\Users\ramia\Desktop\Pilot1\HW2\vld.lib(3,66): error C2018: unknown character '0x18'
C:\Users\ramia\Desktop\Pilot1\HW2\vld.lib(3,71): error C2018: unknown character '0x18'
C:\Users\ramia\Desktop\Pilot1\HW2\vld.lib(3,76): error C2018: unknown character '0x18'
C:\Users\ramia\Desktop\Pilot1\HW2\vld.lib(3,81): error C2018: unknown character '0x18'
C:\Users\ramia\Desktop\Pilot1\HW2\vld.lib(3,86): error C2018: unknown character '0x13'
C:\Users\ramia\Desktop\Pilot1\HW2\vld.lib(3,87): error C2018: unknown character '0x40'
C:\Users\ramia\Desktop\Pilot1\HW2\vld.lib(3,90): error C2018: unknown character '0x13'
C:\Users\ramia\Desktop\Pilot1\HW2\vld.lib(3,91): error C2018: unknown character '0x40'
C:\Users\ramia\Desktop\Pilot1\HW2\vld.lib(3,94): error C2018: unknown character '0x12'
C:\Users\ramia\Desktop\Pilot1\HW2\vld.lib(3,99): error C2018: unknown character '0x12'
C:\Users\ramia\Desktop\Pilot1\HW2\vld.lib(3,104): error C2018: unknown character '0x10'
C:\Users\ramia\Desktop\Pilot1\HW2\vld.lib(3,109): error C2018: unknown character '0x10'
C:\Users\ramia\Desktop\Pilot1\HW2\vld.lib(3,114): error C2018: unknown character '0x11'
C:\Users\ramia\Desktop\Pilot1\HW2\vld.lib(3,119): error C2018: unknown character '0x11'
C:\Users\ramia\Desktop\Pilot1\HW2\vld.lib(3,124): error C2018: unknown character '0x15'
C:\Users\ramia\Desktop\Pilot1\HW2\vld.lib(3,129): error C2018: unknown character '0x15'
C:\Users\ramia\Desktop\Pilot1\HW2\vld.lib(3,134): error C2018: unknown character '0x15'
C:\Users\ramia\Desktop\Pilot1\HW2\vld.lib(3,138): error C2018: unknown character '0x15'
C:\Users\ramia\Desktop\Pilot1\HW2\vld.lib(3,142): error C2018: unknown character '0x15'
C:\Users\ramia\Desktop\Pilot1\HW2\vld.lib(3,143): error C2018: unknown character '0x2'
C:\Users\ramia\Desktop\Pilot1\HW2\vld.lib(3,146): error C2018: unknown character '0x15'
C:\Users\ramia\Desktop\Pilot1\HW2\vld.lib(3,147): error C2018: unknown character '0x2'
C:\Users\ramia\Desktop\Pilot1\HW2\vld.lib(3,150): error C2018: unknown character '0x13'
C:\Users\ramia\Desktop\Pilot1\HW2\vld.lib(3,155): error C2018: unknown character '0x13'
C:\Users\ramia\Desktop\Pilot1\HW2\vld.lib(3,160): error C2018: unknown character '0x11'
C:\Users\ramia\Desktop\Pilot1\HW2\vld.lib(3,165): error C2018: unknown character '0x11'
C:\Users\ramia\Desktop\Pilot1\HW2\vld.lib(3,170): error C2018: unknown character '0x16'
C:\Users\ramia\Desktop\Pilot1\HW2\vld.lib(3,175): error C2018: unknown character '0x16'
C:\Users\ramia\Desktop\Pilot1\HW2\vld.lib(3,180): error C2018: unknown character '0x16'
C:\Users\ramia\Desktop\Pilot1\HW2\vld.lib(3,184): error C2018: unknown character '0x16'
C:\Users\ramia\Desktop\Pilot1\HW2\vld.lib(3,188): error C2018: unknown character '0x14'
C:\Users\ramia\Desktop\Pilot1\HW2\vld.lib(3,189): error C3873: '0x201d': this character is not allowed as a first character of an identifier
C:\Users\ramia\Desktop\Pilot1\HW2\vld.lib(3,194): error C2018: unknown character '0x14'
C:\Users\ramia\Desktop\Pilot1\HW2\vld.lib(3,195): error C3873: '0x201d': this character is not allowed as a first character of an identifier
C:\Users\ramia\Desktop\Pilot1\HW2\vld.lib(3,200): error C2018: unknown character '0x14'
C:\Users\ramia\Desktop\Pilot1\HW2\vld.lib(3,204): error C2018: unknown character '0x14'
C:\Users\ramia\Desktop\Pilot1\HW2\vld.lib(3,208): error C2018: unknown character '0x17'
C:\Users\ramia\Desktop\Pilot1\HW2\vld.lib(3,213): error C2018: unknown character '0x17'
C:\Users\ramia\Desktop\Pilot1\HW2\vld.lib(3,218): error C2018: unknown character '0x11'
C:\Users\ramia\Desktop\Pilot1\HW2\vld.lib(3,222): error C2018: unknown character '0x11'
C:\Users\ramia\Desktop\Pilot1\HW2\vld.lib(3,226): error C2018: unknown character '0x10'
C:\Users\ramia\Desktop\Pilot1\HW2\vld.lib(3,230): error C2018: unknown character '0x10'
C:\Users\ramia\Desktop\Pilot1\HW2\vld.lib(3,285): error C2018: unknown character '0x7f'
C:\Users\ramia\Desktop\Pilot1\HW2\vld.lib(3,322): error C2018: unknown character '0x40'
C:\Users\ramia\Desktop\Pilot1\HW2\vld.lib(3,323): error C2018: unknown character '0x40'
C:\Users\ramia\Desktop\Pilot1\HW2\vld.lib(3,324): error C2059: syntax error: 'bad suffix on number'
C:\Users\ramia\Desktop\Pilot1\HW2\vld.lib(3,344): error C2018: unknown character '0x40'
C:\Users\ramia\Desktop\Pilot1\HW2\vld.lib(3,345): error C2018: unknown character '0x40'
C:\Users\ramia\Desktop\Pilot1\HW2\vld.lib(3,1438): error C2018: unknown character '0x60'
C:\Users\ramia\Desktop\Pilot1\HW2\vld.lib(4,1): error C2018: unknown character '0x1b'
C:\Users\ramia\Desktop\Pilot1\HW2\vld.lib(4,5): error C2018: unknown character '0x1c'
C:\Users\ramia\Desktop\Pilot1\HW2\vld.lib(4,14): error C2018: unknown character '0xe'
C:\Users\ramia\Desktop\Pilot1\HW2\vld.lib(4,19): error C2018: unknown character '0xf'
C:\Users\ramia\Desktop\Pilot1\HW2\vld.lib(4,24): error C2018: unknown character '0x19'
C:\Users\ramia\Desktop\Pilot1\HW2\vld.lib(4,28): error C2018: unknown character '0x17'
C:\Users\ramia\Desktop\Pilot1\HW2\vld.lib(4,32): error C2018: unknown character '0x19'
C:\Users\ramia\Desktop\Pilot1\HW2\vld.lib(4,36): error C2018: unknown character '0x12'
C:\Users\ramia\Desktop\Pilot1\HW2\vld.lib(4,39): error C2018: unknown character '0x1c'
C:\Users\ramia\Desktop\Pilot1\HW2\vld.lib(4,40): error C2018: unknown character '0x18'
C:\Users\ramia\Desktop\Pilot1\HW2\vld.lib(4,45): error C2018: unknown character '0x18'
C:\Users\ramia\Desktop\Pilot1\HW2\vld.lib(4,50): error C2018: unknown character '0x18'
C:\Users\ramia\Desktop\Pilot1\HW2\vld.lib(4,53): error C2018: unknown character '0x40'
C:\Users\ramia\Desktop\Pilot1\HW2\vld.lib(4,54): error C2018: unknown character '0x13'
C:\Users\ramia\Desktop\Pilot1\HW2\vld.lib(4,59): error C2018: unknown character '0x12'
C:\Users\ramia\Desktop\Pilot1\HW2\vld.lib(4,64): error C2018: unknown character '0x10'
C:\Users\ramia\Desktop\Pilot1\HW2\vld.lib(4,69): error C2018: unknown character '0x11'
C:\Users\ramia\Desktop\Pilot1\HW2\vld.lib(4,74): error C2018: unknown character '0x15'
C:\Users\ramia\Desktop\Pilot1\HW2\vld.lib(4,78): error C2018: unknown character '0x15'
C:\Users\ramia\Desktop\Pilot1\HW2\vld.lib(4,81): error C2018: unknown character '0x2'
C:\Users\ramia\Desktop\Pilot1\HW2\vld.lib(4,82): error C2018: unknown character '0x15'
C:\Users\ramia\Desktop\Pilot1\HW2\vld.lib(4,87): error C2018: unknown character '0x13'
C:\Users\ramia\Desktop\Pilot1\HW2\vld.lib(4,92): error C2018: unknown character '0x11'
C:\Users\ramia\Desktop\Pilot1\HW2\vld.lib(4,97): error C2018: unknown character '0x16'
C:\Users\ramia\Desktop\Pilot1\HW2\vld.lib(4,101): error C2018: unknown character '0x16'
C:\Users\ramia\Desktop\Pilot1\HW2\vld.lib(4,104): error C3873: '0x201d': this character is not allowed as a first character of an identifier
C:\Users\ramia\Desktop\Pilot1\HW2\vld.lib(4,107): error C2018: unknown character '0x14'
C:\Users\ramia\Desktop\Pilot1\HW2\vld.lib(4,111): error C2018: unknown character '0x14'
C:\Users\ramia\Desktop\Pilot1\HW2\vld.lib(4,116): error C2018: unknown character '0x17'
C:\Users\ramia\Desktop\Pilot1\HW2\vld.lib(4,120): error C2018: unknown character '0x11'
C:\Users\ramia\Desktop\Pilot1\HW2\vld.lib(4,124): error C2018: unknown character '0x10'
C:\Users\ramia\Desktop\Pilot1\HW2\vld.lib(4,127): error C2059: syntax error: 'bad suffix on number'
C:\Users\ramia\Desktop\Pilot1\HW2\vld.lib(4,131): error C2018: unknown character '0x1b'
C:\Users\ramia\Desktop\Pilot1\HW2\vld.lib(4,133): error C2018: unknown character '0xe'
C:\Users\ramia\Desktop\Pilot1\HW2\vld.lib(4,133): fatal error C1003: error count exceeds 100; stopping compilation
